<?xml version="1.0" encoding="UTF-8"?>
<testng-results ignored="0" total="1" passed="1" failed="0" skipped="0">
  <reporter-output>
  </reporter-output>
  <suite started-at="2022-04-28T17:50:20 IST" name="Default suite" finished-at="2022-04-28T17:51:20 IST" duration-ms="59285">
    <groups>
    </groups>
    <test started-at="2022-04-28T17:50:20 IST" name="Default test" finished-at="2022-04-28T17:51:20 IST" duration-ms="59285">
      <class name="com.voicera.Loginaccount">
        <test-method signature="test()[pri:0, instance:com.voicera.Loginaccount@54bff557]" started-at="2022-04-28T17:50:20 IST" name="test" finished-at="2022-04-28T17:51:20 IST" duration-ms="59247" status="PASS">
          <reporter-output>
          </reporter-output>
        </test-method> <!-- test -->
      </class> <!-- com.voicera.Loginaccount -->
    </test> <!-- Default test -->
  </suite> <!-- Default suite -->
</testng-results>
